# JRE version: OpenJDK Runtime Environment (17.0.18+8) (build 17.0.18+8-Ubuntu-124.04.1)
# Java VM: OpenJDK 64-Bit Server VM (17.0.18+8-Ubuntu-124.04.1, mixed mode, emulated-client, sharing, tiered, compressed oops, compressed class ptrs, g1 gc, linux-amd64)
GC Precious Log:
 CPUs: 8 total, 8 available
 Memory: 15775M
 Large Page Support: Disabled
 NUMA Support: Disabled
 Compressed Oops: Enabled (Zero based)
 Heap Region Size: 2M
 Heap Min Capacity: 8M
 Heap Initial Capacity: 248M
 Heap Max Capacity: 3944M
 Pre-touch: Disabled
 Parallel Workers: 8
 Concurrent Workers: 2
 Concurrent Refinement Workers: 8
 Periodic GC: Disabled
Heap:
 garbage-first heap   total 90112K, used 33410K [0x0000000709800000, 0x0000000800000000)
  region size 2048K, 7 young (14336K), 2 survivors (4096K)
 Metaspace       used 55938K, committed 56448K, reserved 1114112K
  class space    used 8021K, committed 8256K, reserved 1048576K
GC Heap History (20 events):
Event: 0.202 GC heap before
{Heap before GC invocations=0 (full 0):
 garbage-first heap   total 258048K, used 22452K [0x0000000709800000, 0x0000000800000000)
  region size 2048K, 11 young (22528K), 0 survivors (0K)
 Metaspace       used 4832K, committed 5056K, reserved 1114112K
  class space    used 646K, committed 768K, reserved 1048576K
}
Event: 0.204 GC heap after
{Heap after GC invocations=1 (full 0):
 garbage-first heap   total 258048K, used 8339K [0x0000000709800000, 0x0000000800000000)
  region size 2048K, 2 young (4096K), 2 survivors (4096K)
 Metaspace       used 4832K, committed 5056K, reserved 1114112K
  class space    used 646K, committed 768K, reserved 1048576K
}
Event: 0.368 GC heap before
{Heap before GC invocations=1 (full 0):
 garbage-first heap   total 258048K, used 30867K [0x0000000709800000, 0x0000000800000000)
  region size 2048K, 13 young (26624K), 2 survivors (4096K)
 Metaspace       used 9462K, committed 9792K, reserved 1114112K
  class space    used 1350K, committed 1536K, reserved 1048576K
}
Event: 0.370 GC heap after
{Heap after GC invocations=2 (full 0):
 garbage-first heap   total 258048K, used 10042K [0x0000000709800000, 0x0000000800000000)
  region size 2048K, 1 young (2048K), 1 survivors (2048K)
 Metaspace       used 9462K, committed 9792K, reserved 1114112K
  class space    used 1350K, committed 1536K, reserved 1048576K
}
Event: 0.600 GC heap before
{Heap before GC invocations=2 (full 0):
 garbage-first heap   total 258048K, used 57146K [0x0000000709800000, 0x0000000800000000)
  region size 2048K, 24 young (49152K), 1 survivors (2048K)
 Metaspace       used 17842K, committed 18240K, reserved 1114112K
  class space    used 2474K, committed 2688K, reserved 1048576K
}
Event: 0.603 GC heap after
{Heap after GC invocations=3 (full 0):
 garbage-first heap   total 258048K, used 13944K [0x0000000709800000, 0x0000000800000000)
  region size 2048K, 3 young (6144K), 3 survivors (6144K)
 Metaspace       used 17842K, committed 18240K, reserved 1114112K
  class space    used 2474K, committed 2688K, reserved 1048576K
}
Event: 0.807 GC heap before
{Heap before GC invocations=3 (full 0):
 garbage-first heap   total 258048K, used 40568K [0x0000000709800000, 0x0000000800000000)
  region size 2048K, 17 young (34816K), 3 survivors (6144K)
 Metaspace       used 21195K, committed 21504K, reserved 1114112K
  class space    used 2988K, committed 3136K, reserved 1048576K
}
Event: 0.810 GC heap after
{Heap after GC invocations=4 (full 0):
 garbage-first heap   total 258048K, used 15872K [0x0000000709800000, 0x0000000800000000)
  region size 2048K, 4 young (8192K), 4 survivors (8192K)
 Metaspace       used 21195K, committed 21504K, reserved 1114112K
  class space    used 2988K, committed 3136K, reserved 1048576K
}
Event: 1.125 GC heap before
{Heap before GC invocations=5 (full 0):
 garbage-first heap   total 75776K, used 54784K [0x0000000709800000, 0x0000000800000000)
  region size 2048K, 23 young (47104K), 4 survivors (8192K)
 Metaspace       used 29766K, committed 30272K, reserved 1114112K
  class space    used 4046K, committed 4288K, reserved 1048576K
}
Event: 1.129 GC heap after
{Heap after GC invocations=6 (full 0):
 garbage-first heap   total 75776K, used 19666K [0x0000000709800000, 0x0000000800000000)
  region size 2048K, 3 young (6144K), 3 survivors (6144K)
 Metaspace       used 29766K, committed 30272K, reserved 1114112K
  class space    used 4046K, committed 4288K, reserved 1048576K
}
Event: 1.139 GC heap before
{Heap before GC invocations=6 (full 0):
 garbage-first heap   total 75776K, used 21714K [0x0000000709800000, 0x0000000800000000)
  region size 2048K, 4 young (8192K), 3 survivors (6144K)
 Metaspace       used 30318K, committed 30784K, reserved 1114112K
  class space    used 4124K, committed 4352K, reserved 1048576K
}
Event: 1.141 GC heap after
{Heap after GC invocations=7 (full 0):
 garbage-first heap   total 92160K, used 19877K [0x0000000709800000, 0x0000000800000000)
  region size 2048K, 1 young (2048K), 1 survivors (2048K)
 Metaspace       used 30318K, committed 30784K, reserved 1114112K
  class space    used 4124K, committed 4352K, reserved 1048576K
}
Event: 1.299 GC heap before
{Heap before GC invocations=7 (full 0):
 garbage-first heap   total 92160K, used 42405K [0x0000000709800000, 0x0000000800000000)
  region size 2048K, 13 young (26624K), 1 survivors (2048K)
 Metaspace       used 35748K, committed 36160K, reserved 1114112K
  class space    used 5030K, committed 5248K, reserved 1048576K
}
Event: 1.300 GC heap after
{Heap after GC invocations=8 (full 0):
 garbage-first heap   total 92160K, used 20415K [0x0000000709800000, 0x0000000800000000)
  region size 2048K, 1 young (2048K), 1 survivors (2048K)
 Metaspace       used 35748K, committed 36160K, reserved 1114112K
  class space    used 5030K, committed 5248K, reserved 1048576K
}
Event: 1.580 GC heap before
{Heap before GC invocations=9 (full 0):
 garbage-first heap   total 90112K, used 65471K [0x0000000709800000, 0x0000000800000000)
  region size 2048K, 23 young (47104K), 1 survivors (2048K)
 Metaspace       used 44970K, committed 45440K, reserved 1114112K
  class space    used 6564K, committed 6784K, reserved 1048576K
}
Event: 1.582 GC heap after
{Heap after GC invocations=10 (full 0):
 garbage-first heap   total 90112K, used 22573K [0x0000000709800000, 0x0000000800000000)
  region size 2048K, 2 young (4096K), 2 survivors (4096K)
 Metaspace       used 44970K, committed 45440K, reserved 1114112K
  class space    used 6564K, committed 6784K, reserved 1048576K
}
Event: 1.594 GC heap before
{Heap before GC invocations=10 (full 0):
 garbage-first heap   total 90112K, used 24621K [0x0000000709800000, 0x0000000800000000)
  region size 2048K, 3 young (6144K), 2 survivors (4096K)
 Metaspace       used 45707K, committed 46144K, reserved 1114112K
  class space    used 6639K, committed 6848K, reserved 1048576K
}
Event: 1.596 GC heap after
{Heap after GC invocations=11 (full 0):
 garbage-first heap   total 90112K, used 22588K [0x0000000709800000, 0x0000000800000000)
  region size 2048K, 1 young (2048K), 1 survivors (2048K)
 Metaspace       used 45707K, committed 46144K, reserved 1114112K
  class space    used 6639K, committed 6848K, reserved 1048576K
}
Event: 5.323 GC heap before
{Heap before GC invocations=11 (full 0):
 garbage-first heap   total 90112K, used 63548K [0x0000000709800000, 0x0000000800000000)
  region size 2048K, 21 young (43008K), 1 survivors (2048K)
 Metaspace       used 53439K, committed 53888K, reserved 1114112K
  class space    used 7767K, committed 8000K, reserved 1048576K
}
Event: 5.326 GC heap after
{Heap after GC invocations=12 (full 0):
 garbage-first heap   total 90112K, used 25218K [0x0000000709800000, 0x0000000800000000)
  region size 2048K, 2 young (4096K), 2 survivors (4096K)
 Metaspace       used 53439K, committed 53888K, reserved 1114112K
  class space    used 7767K, committed 8000K, reserved 1048576K
}

